Build started 18.10.2016 23:40:43.
     1>Project "c:\Users\jarroslav\documents\visual studio 2010\Projects\flacsplitter\flacsplitter\flacsplitter.vcxproj" on node 2 (build target(s)).
     1>InitializeBuildStatus:
         Creating "Debug\flacsplitter.unsuccessfulbuild" because "AlwaysCreate" was specified.
       ClCompile:
         C:\Program Files (x86)\Microsoft Visual Studio 10.0\VC\bin\CL.exe /c /ZI /nologo /W3 /WX- /Od /Oy- /D WIN32 /D _DEBUG /D _CONSOLE /D _UNICODE /D UNICODE /Gm /EHsc /RTC1 /MDd /GS /fp:precise /Zc:wchar_t /Zc:forScope /Fo"Debug\\" /Fd"Debug\vc100.pdb" /Gd /TP /analyze- /errorReport:prompt main.cpp
         main.cpp
     1>c:\users\jarroslav\documents\visual studio 2010\projects\flacsplitter\flacsplitter\main.cpp(20): warning C4244: '=' : conversion from 'std::streamoff' to 'long', possible loss of data
       ManifestResourceCompile:
         All outputs are up-to-date.
       Link:
         C:\Program Files (x86)\Microsoft Visual Studio 10.0\VC\bin\link.exe /ERRORREPORT:PROMPT /OUT:"c:\users\jarroslav\documents\visual studio 2010\Projects\flacsplitter\Debug\flacsplitter.exe" /INCREMENTAL /NOLOGO kernel32.lib user32.lib gdi32.lib winspool.lib comdlg32.lib advapi32.lib shell32.lib ole32.lib oleaut32.lib uuid.lib odbc32.lib odbccp32.lib /MANIFEST /ManifestFile:"Debug\flacsplitter.exe.intermediate.manifest" /MANIFESTUAC:"level='asInvoker' uiAccess='false'" /DEBUG /PDB:"c:\users\jarroslav\documents\visual studio 2010\Projects\flacsplitter\Debug\flacsplitter.pdb" /SUBSYSTEM:CONSOLE /TLBID:1 /DYNAMICBASE /NXCOMPAT /IMPLIB:"c:\users\jarroslav\documents\visual studio 2010\Projects\flacsplitter\Debug\flacsplitter.lib" /MACHINE:X86 Debug\flacsplitter.exe.embed.manifest.res
         Debug\main.obj
       Manifest:
         C:\Program Files (x86)\Microsoft SDKs\Windows\v7.0A\bin\mt.exe /nologo /verbose /out:"Debug\flacsplitter.exe.embed.manifest" /manifest Debug\flacsplitter.exe.intermediate.manifest
         All outputs are up-to-date.
       LinkEmbedManifest:
         All outputs are up-to-date.
         flacsplitter.vcxproj -> c:\users\jarroslav\documents\visual studio 2010\Projects\flacsplitter\Debug\flacsplitter.exe
       FinalizeBuildStatus:
         Deleting file "Debug\flacsplitter.unsuccessfulbuild".
         Touching "Debug\flacsplitter.lastbuildstate".
     1>Done Building Project "c:\Users\jarroslav\documents\visual studio 2010\Projects\flacsplitter\flacsplitter\flacsplitter.vcxproj" (build target(s)).

Build succeeded.

Time Elapsed 00:00:02.23
