Build started 19.10.2016 1:00:43.
     1>Project "c:\Users\jarroslav\documents\visual studio 2010\Projects\flacsplitter\flacsplitter\flacsplitter.vcxproj" on node 2 (build target(s)).
     1>InitializeBuildStatus:
         Creating "Release\flacsplitter.unsuccessfulbuild" because "AlwaysCreate" was specified.
       ClCompile:
         C:\Program Files (x86)\Microsoft Visual Studio 10.0\VC\bin\CL.exe /c /Zi /nologo /W3 /WX- /O2 /Oi /Oy- /GL /D WIN32 /D NDEBUG /D _CONSOLE /D _UNICODE /D UNICODE /Gm- /EHsc /MD /GS /Gy /fp:precise /Zc:wchar_t /Zc:forScope /Fo"Release\\" /Fd"Release\vc100.pdb" /Gd /TP /analyze- /errorReport:prompt main.cpp
         main.cpp
     1>main.cpp(38): warning C4244: '=' : conversion from 'std::streamoff' to 'long', possible loss of data
       Link:
         C:\Program Files (x86)\Microsoft Visual Studio 10.0\VC\bin\link.exe /ERRORREPORT:PROMPT /OUT:"c:\users\jarroslav\documents\visual studio 2010\Projects\flacsplitter\Release\flacsplitter.exe" /INCREMENTAL:NO /NOLOGO kernel32.lib user32.lib gdi32.lib winspool.lib comdlg32.lib advapi32.lib shell32.lib ole32.lib oleaut32.lib uuid.lib odbc32.lib odbccp32.lib /MANIFEST /ManifestFile:"Release\flacsplitter.exe.intermediate.manifest" /MANIFESTUAC:"level='asInvoker' uiAccess='false'" /DEBUG /PDB:"c:\users\jarroslav\documents\visual studio 2010\Projects\flacsplitter\Release\flacsplitter.pdb" /SUBSYSTEM:CONSOLE /OPT:REF /OPT:ICF /LTCG /TLBID:1 /DYNAMICBASE /NXCOMPAT /IMPLIB:"c:\users\jarroslav\documents\visual studio 2010\Projects\flacsplitter\Release\flacsplitter.lib" /MACHINE:X86 Release\main.obj
         Generating code
         Finished generating code
         flacsplitter.vcxproj -> c:\users\jarroslav\documents\visual studio 2010\Projects\flacsplitter\Release\flacsplitter.exe
       Manifest:
         C:\Program Files (x86)\Microsoft SDKs\Windows\v7.0A\bin\mt.exe /nologo /verbose /outputresource:"c:\users\jarroslav\documents\visual studio 2010\Projects\flacsplitter\Release\flacsplitter.exe;#1" /manifest Release\flacsplitter.exe.intermediate.manifest
       FinalizeBuildStatus:
         Deleting file "Release\flacsplitter.unsuccessfulbuild".
         Touching "Release\flacsplitter.lastbuildstate".
     1>Done Building Project "c:\Users\jarroslav\documents\visual studio 2010\Projects\flacsplitter\flacsplitter\flacsplitter.vcxproj" (build target(s)).

Build succeeded.

Time Elapsed 00:00:01.57
